[INFO ] 2022-08-10 01:58:30.650 [main] BaseApi - POST API 
Headers: {}
Query Params: {}
[INFO ] 2022-08-10 01:58:30.653 [main] BaseApi - API Request :null
[INFO ] 2022-08-10 01:58:30.654 [main] BaseApi - API Response :{"code":200,"type":"unknown","message":"ok"}
[INFO ] 2022-08-10 01:58:30.675 [main] ReportHelper -  HTTP Status code validation<br><b>Actual : </b>200<br><b>Expected : </b>200 ---- true
[INFO ] 2022-08-10 01:58:30.678 [main] ReportHelper -  Code Validation in response<br><b>Actual : </b>200<br><b>Expected : </b>200 ---- true
[INFO ] 2022-08-10 01:58:30.679 [main] ReportHelper -  Type Validation in response<br><b>Actual : </b>unknown<br><b>Expected : </b>unknown ---- true
[INFO ] 2022-08-10 01:58:30.680 [main] ReportHelper -  Message Validation in response<br><b>Actual : </b>ok<br><b>Expected : </b>ok ---- true
[INFO ] 2022-08-10 01:58:32.375 [main] BaseApi - POST API 
Headers: {}
Query Params: {}
[INFO ] 2022-08-10 01:58:32.376 [main] BaseApi - API Request :null
[INFO ] 2022-08-10 01:58:32.376 [main] BaseApi - API Response :{"code":200,"type":"unknown","message":"ok"}
[INFO ] 2022-08-10 01:58:32.386 [main] ReportHelper -  HTTP Status code validation<br><b>Actual : </b>200<br><b>Expected : </b>200 ---- true
[INFO ] 2022-08-10 01:58:32.392 [main] ReportHelper -  Code Validation in response<br><b>Actual : </b>200<br><b>Expected : </b>200 ---- true
[INFO ] 2022-08-10 01:58:32.393 [main] ReportHelper -  Type Validation in response<br><b>Actual : </b>unknown<br><b>Expected : </b>unknown ---- true
[INFO ] 2022-08-10 01:58:32.394 [main] ReportHelper -  Message Validation in response<br><b>Actual : </b>ok<br><b>Expected : </b>ok ---- true
[INFO ] 2022-08-10 01:58:34.190 [main] BaseApi - PUT API 
Headers: {}
Query Params: {}
[INFO ] 2022-08-10 01:58:34.191 [main] BaseApi - API Request :null
[INFO ] 2022-08-10 01:58:34.191 [main] BaseApi - API Response :{"code":200,"type":"unknown","message":"1111"}
[INFO ] 2022-08-10 01:58:34.203 [main] ReportHelper -  HTTP Status code validation<br><b>Actual : </b>200<br><b>Expected : </b>200 ---- true
[INFO ] 2022-08-10 01:58:34.204 [main] ReportHelper -  Code Validation in response<br><b>Actual : </b>200<br><b>Expected : </b>200 ---- true
[INFO ] 2022-08-10 01:58:34.205 [main] ReportHelper -  Type Validation in response<br><b>Actual : </b>unknown<br><b>Expected : </b>unknown ---- true
[INFO ] 2022-08-10 01:58:34.205 [main] ReportHelper -  Message Validation in response<br><b>Actual : </b>1111<br><b>Expected : </b>1111 ---- true
[INFO ] 2022-08-10 01:58:37.066 [main] BaseApi - PUT API 
Headers: {}
Query Params: {}
[INFO ] 2022-08-10 01:58:37.066 [main] BaseApi - API Request :null
[INFO ] 2022-08-10 01:58:37.066 [main] BaseApi - API Response :{"code":200,"type":"unknown","message":"1112"}
[INFO ] 2022-08-10 01:58:37.074 [main] ReportHelper -  HTTP Status code validation<br><b>Actual : </b>200<br><b>Expected : </b>200 ---- true
[INFO ] 2022-08-10 01:58:37.076 [main] ReportHelper -  Code Validation in response<br><b>Actual : </b>200<br><b>Expected : </b>200 ---- true
[INFO ] 2022-08-10 01:58:37.077 [main] ReportHelper -  Type Validation in response<br><b>Actual : </b>unknown<br><b>Expected : </b>unknown ---- true
[INFO ] 2022-08-10 01:58:37.078 [main] ReportHelper -  Message Validation in response<br><b>Actual : </b>1112<br><b>Expected : </b>1112 ---- true
[INFO ] 2022-08-10 01:58:38.714 [main] BaseApi - PUT API 
Headers: {}
Query Params: {}
[INFO ] 2022-08-10 01:58:38.715 [main] BaseApi - API Request :null
[INFO ] 2022-08-10 01:58:38.715 [main] BaseApi - API Response :{"code":200,"type":"unknown","message":"1113"}
[INFO ] 2022-08-10 01:58:38.718 [main] ReportHelper -  HTTP Status code validation<br><b>Actual : </b>200<br><b>Expected : </b>200 ---- true
[INFO ] 2022-08-10 01:58:38.719 [main] ReportHelper -  Code Validation in response<br><b>Actual : </b>200<br><b>Expected : </b>200 ---- true
[INFO ] 2022-08-10 01:58:38.720 [main] ReportHelper -  Type Validation in response<br><b>Actual : </b>unknown<br><b>Expected : </b>unknown ---- true
[INFO ] 2022-08-10 01:58:38.721 [main] ReportHelper -  Message Validation in response<br><b>Actual : </b>1113<br><b>Expected : </b>1113 ---- true
[INFO ] 2022-08-10 01:58:40.563 [main] BaseApi - GET API 
Headers: {}
Query Params: {}
[INFO ] 2022-08-10 01:58:40.564 [main] BaseApi - API Request :null
[INFO ] 2022-08-10 01:58:40.564 [main] BaseApi - API Response :{"id":1111,"username":"hdua_edit","firstName":"himanshu","lastName":"dua","email":"ashdua06@gmail.com","password":"testapi@123","phone":"9654335872","userStatus":1}
[INFO ] 2022-08-10 01:58:40.598 [main] ReportHelper -  HTTP Status code validation<br><b>Actual : </b>200<br><b>Expected : </b>200 ---- true
[INFO ] 2022-08-10 01:58:40.614 [main] ReportHelper -  Id Validation in response<br><b>Actual : </b>1111.0<br><b>Expected : </b>1111.0 ---- true
[INFO ] 2022-08-10 01:58:40.615 [main] ReportHelper - UserName Validation in response<br><b>Actual : </b>hdua_edit<br><b>Expected : </b>hdua_edit ---- true
[INFO ] 2022-08-10 01:58:40.616 [main] ReportHelper - FirstName Validation in response<br><b>Actual : </b>himanshu<br><b>Expected : </b>himanshu ---- true
[INFO ] 2022-08-10 01:58:40.616 [main] ReportHelper - LastName Validation in response<br><b>Actual : </b>dua<br><b>Expected : </b>dua ---- true
[INFO ] 2022-08-10 01:58:40.617 [main] ReportHelper - Email Validation in response<br><b>Actual : </b>ashdua06@gmail.com<br><b>Expected : </b>ashdua06@gmail.com ---- true
[INFO ] 2022-08-10 01:58:40.617 [main] ReportHelper - Password Validation in response<br><b>Actual : </b>testapi@123<br><b>Expected : </b>testapi@123 ---- true
[INFO ] 2022-08-10 01:58:40.617 [main] ReportHelper - Phone Validation in response<br><b>Actual : </b>9654335872<br><b>Expected : </b>9654335872 ---- true
[INFO ] 2022-08-10 01:58:40.618 [main] ReportHelper - UserStatus Validation in response<br><b>Actual : </b>1<br><b>Expected : </b>1 ---- true
[INFO ] 2022-08-10 01:58:42.264 [main] BaseApi - GET API 
Headers: {}
Query Params: {}
[INFO ] 2022-08-10 01:58:42.265 [main] BaseApi - API Request :null
[INFO ] 2022-08-10 01:58:42.265 [main] BaseApi - API Response :{"id":1112,"username":"hdua1_edit","firstName":"himanshu1","lastName":"dua1_edit","email":"ashdua07@gmail.com","password":"testapi@123_edit","phone":"9654335873","userStatus":3}
[INFO ] 2022-08-10 01:58:42.276 [main] ReportHelper -  HTTP Status code validation<br><b>Actual : </b>200<br><b>Expected : </b>200 ---- true
[INFO ] 2022-08-10 01:58:42.281 [main] ReportHelper -  Id Validation in response<br><b>Actual : </b>1112.0<br><b>Expected : </b>1112.0 ---- true
[INFO ] 2022-08-10 01:58:42.282 [main] ReportHelper - UserName Validation in response<br><b>Actual : </b>hdua1_edit<br><b>Expected : </b>hdua1_edit ---- true
[INFO ] 2022-08-10 01:58:42.282 [main] ReportHelper - FirstName Validation in response<br><b>Actual : </b>himanshu1<br><b>Expected : </b>himanshu1 ---- true
[INFO ] 2022-08-10 01:58:42.283 [main] ReportHelper - LastName Validation in response<br><b>Actual : </b>dua1_edit<br><b>Expected : </b>dua1_edit ---- true
[INFO ] 2022-08-10 01:58:42.283 [main] ReportHelper - Email Validation in response<br><b>Actual : </b>ashdua07@gmail.com<br><b>Expected : </b>ashdua07@gmail.com ---- true
[INFO ] 2022-08-10 01:58:42.284 [main] ReportHelper - Password Validation in response<br><b>Actual : </b>testapi@123_edit<br><b>Expected : </b>testapi@123_edit ---- true
[INFO ] 2022-08-10 01:58:42.284 [main] ReportHelper - Phone Validation in response<br><b>Actual : </b>9654335873<br><b>Expected : </b>9654335873 ---- true
[INFO ] 2022-08-10 01:58:42.285 [main] ReportHelper - UserStatus Validation in response<br><b>Actual : </b>3<br><b>Expected : </b>3 ---- true
[INFO ] 2022-08-10 01:58:44.036 [main] BaseApi - GET API 
Headers: {}
Query Params: {}
[INFO ] 2022-08-10 01:58:44.038 [main] BaseApi - API Request :null
[INFO ] 2022-08-10 01:58:44.038 [main] BaseApi - API Response :{"id":1113,"username":"hdua3","firstName":"himanshu3","lastName":"dua3","email":"ashdua07@gmail.com","password":"testapi@123","phone":"9654335873","userStatus":2}
[INFO ] 2022-08-10 01:58:44.045 [main] ReportHelper -  HTTP Status code validation<br><b>Actual : </b>200<br><b>Expected : </b>200 ---- true
[INFO ] 2022-08-10 01:58:44.058 [main] ReportHelper -  Id Validation in response<br><b>Actual : </b>1113.0<br><b>Expected : </b>1113.0 ---- true
[INFO ] 2022-08-10 01:58:44.060 [main] ReportHelper - UserName Validation in response<br><b>Actual : </b>hdua3<br><b>Expected : </b>hdua3 ---- true
[INFO ] 2022-08-10 01:58:44.060 [main] ReportHelper - FirstName Validation in response<br><b>Actual : </b>himanshu3<br><b>Expected : </b>himanshu3 ---- true
[INFO ] 2022-08-10 01:58:44.061 [main] ReportHelper - LastName Validation in response<br><b>Actual : </b>dua3<br><b>Expected : </b>dua3 ---- true
[INFO ] 2022-08-10 01:58:44.062 [main] ReportHelper - Email Validation in response<br><b>Actual : </b>ashdua07@gmail.com<br><b>Expected : </b>ashdua07@gmail.com ---- true
[INFO ] 2022-08-10 01:58:44.062 [main] ReportHelper - Password Validation in response<br><b>Actual : </b>testapi@123<br><b>Expected : </b>testapi@123 ---- true
[INFO ] 2022-08-10 01:58:44.063 [main] ReportHelper - Phone Validation in response<br><b>Actual : </b>9654335873<br><b>Expected : </b>9654335873 ---- true
[INFO ] 2022-08-10 01:58:44.065 [main] ReportHelper - UserStatus Validation in response<br><b>Actual : </b>2<br><b>Expected : </b>2 ---- true
[INFO ] 2022-08-10 01:58:45.767 [main] BaseApi - GET API 
Headers: {}
Query Params: {}
[INFO ] 2022-08-10 01:58:45.768 [main] BaseApi - API Request :null
[INFO ] 2022-08-10 01:58:45.768 [main] BaseApi - API Response :{"code":1,"type":"error","message":"User not found"}
[INFO ] 2022-08-10 01:58:45.771 [main] ReportHelper -  HTTP Status code validation<br><b>Actual : </b>404<br><b>Expected : </b>404 ---- true
[INFO ] 2022-08-10 01:58:45.772 [main] ReportHelper -  Code Validation in response<br><b>Actual : </b>1<br><b>Expected : </b>1 ---- true
[INFO ] 2022-08-10 01:58:45.773 [main] ReportHelper -  Type Validation in response<br><b>Actual : </b>error<br><b>Expected : </b>error ---- true
[INFO ] 2022-08-10 01:58:45.774 [main] ReportHelper -  Message Validation in response<br><b>Actual : </b>User not found<br><b>Expected : </b>User not found ---- true
